<?xml version="1.0" encoding="UTF-8"?>
<testng-results skipped="0" failed="0" ignored="0" total="1" passed="1">
  <reporter-output>
    <line>
      <![CDATA[PASSS : Expected page is displayed]]>
    </line>
  </reporter-output>
  <suite name="Default suite" duration-ms="28790" started-at="2018-02-08T17:09:07Z" finished-at="2018-02-08T17:09:35Z">
    <groups>
    </groups>
    <test name="Default test" duration-ms="28790" started-at="2018-02-08T17:09:07Z" finished-at="2018-02-08T17:09:35Z">
      <class name="script.CheckVversion">
        <test-method status="PASS" signature="openApplication()[pri:0, instance:script.CheckVversion@4b553d26]" name="openApplication" is-config="true" duration-ms="7749" started-at="2018-02-08T22:39:07Z" finished-at="2018-02-08T22:39:14Z">
          <reporter-output>
          </reporter-output>
        </test-method> <!-- openApplication -->
        <test-method status="PASS" signature="testCheckVversion()[pri:3, instance:script.CheckVversion@4b553d26]" name="testCheckVversion" duration-ms="20357" started-at="2018-02-08T22:39:14Z" finished-at="2018-02-08T22:39:35Z">
          <reporter-output>
            <line>
              <![CDATA[PASSS : Expected page is displayed]]>
            </line>
          </reporter-output>
        </test-method> <!-- testCheckVversion -->
        <test-method status="PASS" signature="closeApplication(org.testng.ITestResult)[pri:0, instance:script.CheckVversion@4b553d26]" name="closeApplication" is-config="true" duration-ms="649" started-at="2018-02-08T22:39:35Z" finished-at="2018-02-08T22:39:35Z">
          <params>
            <param index="0">
              <value>
                <![CDATA[[TestResult name=testCheckVversion status=SUCCESS method=CheckVversion.testCheckVversion()[pri:3, instance:script.CheckVversion@4b553d26] output=PASSS : Expected page is displayed]]]>
              </value>
            </param>
          </params>
          <reporter-output>
          </reporter-output>
        </test-method> <!-- closeApplication -->
      </class> <!-- script.CheckVversion -->
    </test> <!-- Default test -->
  </suite> <!-- Default suite -->
</testng-results>
